{
  "0 debug pnpm:scope": {
    "selected": 1,
    "workspacePrefix": "/Volumes/src/trpc-bug"
  },
  "1 error pnpm": {
    "code": "ELIFECYCLE",
    "errno": "ENOENT",
    "syscall": "spawn",
    "file": "sh",
    "pkgid": "package1@1.0.0",
    "stage": "build",
    "script": "tsc",
    "pkgname": "package1",
    "err": {
      "name": "pnpm",
      "message": "package1@1.0.0 build: `tsc`\nspawn ENOENT",
      "code": "ELIFECYCLE",
      "stack": "pnpm: package1@1.0.0 build: `tsc`\nspawn ENOENT\n    at ChildProcess.<anonymous> (/Users/steve/.fnm/node-versions/v14.19.3/installation/lib/node_modules/pnpm/dist/pnpm.cjs:95169:22)\n    at ChildProcess.emit (node:events:513:28)\n    at maybeClose (node:internal/child_process:1100:16)\n    at Process.ChildProcess._handle.onexit (node:internal/child_process:304:5)"
    }
  },
  "2 warn pnpm:global": " Local package.json exists, but node_modules missing, did you mean to install?"
}